[2024-10-31 14:57:46,738][__main__][INFO] - 

alg: rep
lr: 1.0e-05
edit_lr: 0.01
seed: 0
debug: false
model_save_pt: 5000
edit_bs: 1
silent: false
max_iters: 1000000
log_interval: 100
val_interval: 5000
lr_lr: 0.0
batch_size: 2
val_batch_size: 2
accumulate_bs: 10
cedit: 0.1
cloc: 1.0
cbase: 1.0
val_steps: 500
device: cuda
base_loss: distill
oracle: false
train: true
train_base: false
opt: Adam
single_batch: false
archive: null
grad_clip: 100.0
ref: null
early_stop_patience: 40000
early_stop_key: loss/total_edit_val
dropout: 0.0
tokenizer: null
results_dir: null
no_grad_layers: null
eval_only: false
half: false
save: false
log_errors: false
unlikelihood: true
model:
  pt: null
  name: facebook/blenderbot_small-90M
  class_name: BlenderbotSmallForConditionalGeneration
  tokenizer_class: BlenderbotSmallTokenizer
  tokenizer_name: facebook/blenderbot_small-90M
  inner_params:
  - model.encoder.layers.6.fc1.weight
  - model.encoder.layers.6.fc2.weight
  - model.encoder.layers.7.fc1.weight
  - model.encoder.layers.7.fc2.weight
  - model.decoder.layers.6.fc1.weight
  - model.decoder.layers.6.fc2.weight
  - model.decoder.layers.7.fc1.weight
  - model.decoder.layers.7.fc2.weight
  small_name: facebook/blenderbot_small-90M
data:
  path: null
  rephrase: true
  zsre_nq: false
  zsre_impl: false
  zsre_impl_path: ${hydra:runtime.cwd}/data/zsre/impl_{}.json
  zsre_yn: false
  zsre_yn_path: ${hydra:runtime.cwd}/data/zsre/zsre_yn_{}.txt
  zsre_eval_idxs: null
  zsre_path: ${hydra:runtime.cwd}/data/zsre/structured_zeroshot-{}-new_annotated_final.jsonl
  nq_path: ${hydra:runtime.cwd}/data/nq
  wiki_webtext: true
  n_edits: 1
  hard_neg: false
  hard_neg_neighbors: 100
  hard_neg_exclude: 25
  hard_neg_temp: 0.1
  hard_neg_prob: 0.5
  flip_inner_outer: false
  sent_eval_sample: false
  n_outer_max: null
eval:
  verbose: true
  log_interval: 100
  final_eval: true
rep:
  cls_name: distilbert-base-cased
  cls_class: AutoModel
  supervised: true
  cos: false
  freeze: null
  square: true
  bound_embeds: false
  use_all_negatives: false
  freeze_cntr: false
  dist_heads: 1
  cross_attend: false
  lora: null
  soft_weighting: false
  checkpoint_grad: false
task: sent
dataset: sentiment


[2024-10-31 14:57:46,738][__main__][INFO] - Project base directory: /Users/jiahonghu/Desktop/MA/serac-main
[2024-10-31 14:57:47,139][models][INFO] - Loading model class <class 'transformers.models.blenderbot_small.modeling_blenderbot_small.BlenderbotSmallForConditionalGeneration'> with name facebook/blenderbot_small-90M from cache dir /tmp/cache_b9g30e9s
[2024-10-31 14:57:52,886][models][INFO] - Set 58 dropout modules to p=0.0
[2024-10-31 14:57:54,512][__main__][INFO] - Loading class REP from module <module 'algs.rep' from '/Users/jiahonghu/Desktop/MA/serac-main/algs/rep.py'>
[2024-10-31 14:57:55,306][huggingface_hub.file_download][WARNING] - Error while downloading from https://cdn-lfs.hf.co/distilbert-base-cased/64080c2b1998c3bd1214311ab9f1e97b40052fa81d508b8b534a936c4ba1626b?response-content-disposition=inline%3B+filename*%3DUTF-8%27%27model.safetensors%3B+filename%3D%22model.safetensors%22%3B&Expires=1730659551&Policy=eyJTdGF0ZW1lbnQiOlt7IkNvbmRpdGlvbiI6eyJEYXRlTGVzc1RoYW4iOnsiQVdTOkVwb2NoVGltZSI6MTczMDY1OTU1MX19LCJSZXNvdXJjZSI6Imh0dHBzOi8vY2RuLWxmcy5oZi5jby9kaXN0aWxiZXJ0LWJhc2UtY2FzZWQvNjQwODBjMmIxOTk4YzNiZDEyMTQzMTFhYjlmMWU5N2I0MDA1MmZhODFkNTA4YjhiNTM0YTkzNmM0YmExNjI2Yj9yZXNwb25zZS1jb250ZW50LWRpc3Bvc2l0aW9uPSoifV19&Signature=Aa-kiaTzON019j6CyCGg87TrpFO0cBGx2dkFmOGw6oGqaWNVgDNymyRCBhwf1fJA%7EUdZeBfX4TGUNhn3NC42XX2mjgbjRnq8KBpKOC-q3G52SWEwLLikyTgpLY%7EigM2itEo0xwEokvQyagD4CLDkcp8JQWkPpC1qgpafnwU-HwTUdmmLtD%7E-NtFI2Rhc2kI5NrMwi4RxJK5HSNkxfD4kLurAF8W3%7ErUcmr5ALujLxGdME1KoAGtw2ODdwUTPhEIJ8k9VcQ899DaBFu9Csq4rUaOyJLvoSNwfqzP%7EBbpoLzcrjvGHU2PySMuTnlINY6-AlcsvDq2hiZ8pE986Os6nOg__&Key-Pair-Id=K3RPWS32NSSJCE: [SSL] record layer failure (_ssl.c:2651)
Trying to resume download...
[2024-10-31 14:58:00,432][utils][INFO] - Set 13 dropout modules to p=0.0
[2024-10-31 14:58:06,629][utils][INFO] - Set 58 dropout modules to p=0.0
